using default constructor
A vals (0x7fff5652c978)
5
0x7fdc24c02660->5
using copy constructor
B vals (0x7fff5652c958)
5
0x7fdc24c02670->5
using copy constructor
otherB vals (0x7fff5652c948)
5
0x7fdc24c02680->5
using default constructor
C vals (0x7fff5652c938)
10
0x7fdc24c02690->10
using default constructor
D vals (0x7fff5652c928)
15
0x7fdc24c026a0->15
using move constructor
E vals (0x7fff5652c918)
15
0x7fdc24c026a0->15
finished
Deleting ptr: 0x7fdc24c026a0 for 0x7fff5652c918
Deleting ptr: 0x0 for 0x7fff5652c928
Deleting ptr: 0x7fdc24c02690 for 0x7fff5652c938
Deleting ptr: 0x7fdc24c02680 for 0x7fff5652c948
Deleting ptr: 0x7fdc24c02670 for 0x7fff5652c958
Deleting ptr: 0x7fdc24c02660 for 0x7fff5652c978
